2023-06-12 17:54:25.388  INFO 7548 --- [main] com.shr25.robot.StartUpApplication       : Starting StartUpApplication using Java 17.0.3 on DESKTOP-RPFMGP5 with PID 7548 (E:\workspace\shr25-qq-robot\shr25-qq-robot-core\target\classes started by XIE in E:\workspace\shr25-qq-robot)
2023-06-12 17:54:25.393 DEBUG 7548 --- [main] com.shr25.robot.StartUpApplication       : Running with Spring Boot v2.4.4, Spring v5.3.5
2023-06-12 17:54:25.393  INFO 7548 --- [main] com.shr25.robot.StartUpApplication       : The following profiles are active: prod
2023-06-12 17:54:27.566  INFO 7548 --- [main] com.shr25.robot.base.BaseAbstractSim     : 开始加载 签到 插件~
2023-06-12 17:54:28.868  INFO 7548 --- [main] com.shr25.robot.base.BaseAbstractSim     : 开始加载 百度百科 插件~
2023-06-12 17:54:28.873  INFO 7548 --- [main] com.shr25.robot.base.BaseAbstractSim     : 开始加载 番剧 插件~
2023-06-12 17:54:28.876  INFO 7548 --- [main] com.shr25.robot.base.BaseAbstractSim     : 开始加载 bing 插件~
2023-06-12 17:54:28.878  INFO 7548 --- [main] com.shr25.robot.base.BaseAbstractSim     : 开始加载 鸡汤 插件~
2023-06-12 17:54:28.881  INFO 7548 --- [main] com.shr25.robot.base.BaseAbstractSim     : 开始加载 pixiv 插件~
2023-06-12 17:54:28.899  INFO 7548 --- [main] com.shr25.robot.base.BaseAbstractSim     : 开始加载 千千静听 插件~
2023-06-12 17:54:28.901  INFO 7548 --- [main] com.shr25.robot.base.BaseAbstractSim     : 开始加载 哔哩哔哩 插件~
2023-06-12 17:54:28.903  INFO 7548 --- [main] com.shr25.robot.base.BaseAbstractSim     : 开始加载 酷狗 插件~
2023-06-12 17:54:28.905  INFO 7548 --- [main] com.shr25.robot.base.BaseAbstractSim     : 开始加载 网易云音乐 插件~
2023-06-12 17:54:28.909  INFO 7548 --- [main] com.shr25.robot.base.BaseAbstractSim     : 开始加载 网易云电台 插件~
2023-06-12 17:54:28.911  INFO 7548 --- [main] com.shr25.robot.base.BaseAbstractSim     : 开始加载 QQ音乐 插件~
2023-06-12 17:54:28.914  INFO 7548 --- [main] com.shr25.robot.base.BaseAbstractSim     : 开始加载 喜马拉雅 插件~
2023-06-12 17:54:28.927  INFO 7548 --- [main] com.shr25.robot.qq.conf.ChatBotConfig    : 未配置代理！
2023-06-12 17:54:29.099  INFO 7548 --- [main] c.s.r.qq.service.RobotManagerService     : 开始初始化所有#指令！
2023-06-12 17:54:29.105  INFO 7548 --- [main] com.shr25.robot.qq.plugins.CpddPlugin    : 开始加载 cpdd 插件~
2023-06-12 17:54:29.112  INFO 7548 --- [main] c.s.r.qq.plugins.GroupManageRobotPlugin  : 开始加载“群管理插件V2.0”
2023-06-12 17:54:29.345  INFO 7548 --- [main] c.s.r.qq.plugins.MicrophoneRobotPlugin   : 开始加载“传声筒插件V2.0”
2023-06-12 17:54:29.412  INFO 7548 --- [main] com.shr25.robot.qq.plugins.MusicPlugin   : 开始加载 点歌 插件~
2023-06-12 17:54:29.415  INFO 7548 --- [main] c.s.r.qq.service.RobotManagerService     : cpddPlugin====>com.shr25.robot.qq.plugins.CpddPlugin
2023-06-12 17:54:29.620  INFO 7548 --- [main] com.alibaba.druid.pool.DruidDataSource   : {dataSource-1} inited
2023-06-12 17:54:29.855 ERROR 7548 --- [Druid-ConnectionPool-Create-1585101559] com.alibaba.druid.pool.DruidDataSource   : create connection SQLException, url: jdbc:mysql://127.0.0.1:3306/qqrobot?useUnicode=true&useSSL=false&characterEncoding=utf-8&serverTimezone=UTC, errorCode 1045, state 28000

java.sql.SQLException: Access denied for user 'qqrobot'@'localhost' (using password: YES)
	at com.mysql.cj.jdbc.exceptions.SQLError.createSQLException(SQLError.java:127) ~[mysql-connector-java-8.0.11.jar:8.0.11]
	at com.mysql.cj.jdbc.exceptions.SQLError.createSQLException(SQLError.java:95) ~[mysql-connector-java-8.0.11.jar:8.0.11]
	at com.mysql.cj.jdbc.exceptions.SQLExceptionsMapping.translateException(SQLExceptionsMapping.java:122) ~[mysql-connector-java-8.0.11.jar:8.0.11]
	at com.mysql.cj.jdbc.ConnectionImpl.createNewIO(ConnectionImpl.java:862) ~[mysql-connector-java-8.0.11.jar:8.0.11]
	at com.mysql.cj.jdbc.ConnectionImpl.<init>(ConnectionImpl.java:444) ~[mysql-connector-java-8.0.11.jar:8.0.11]
	at com.mysql.cj.jdbc.ConnectionImpl.getInstance(ConnectionImpl.java:230) ~[mysql-connector-java-8.0.11.jar:8.0.11]
	at com.mysql.cj.jdbc.NonRegisteringDriver.connect(NonRegisteringDriver.java:226) ~[mysql-connector-java-8.0.11.jar:8.0.11]
	at com.alibaba.druid.pool.DruidAbstractDataSource.createPhysicalConnection(DruidAbstractDataSource.java:1657) ~[druid-1.2.6.jar:1.2.6]
	at com.alibaba.druid.pool.DruidAbstractDataSource.createPhysicalConnection(DruidAbstractDataSource.java:1723) ~[druid-1.2.6.jar:1.2.6]
	at com.alibaba.druid.pool.DruidDataSource$CreateConnectionThread.run(DruidDataSource.java:2801) ~[druid-1.2.6.jar:1.2.6]

2023-06-12 17:54:29.862 ERROR 7548 --- [Druid-ConnectionPool-Create-1585101559] com.alibaba.druid.pool.DruidDataSource   : create connection SQLException, url: jdbc:mysql://127.0.0.1:3306/qqrobot?useUnicode=true&useSSL=false&characterEncoding=utf-8&serverTimezone=UTC, errorCode 1045, state 28000

java.sql.SQLException: Access denied for user 'qqrobot'@'localhost' (using password: YES)
	at com.mysql.cj.jdbc.exceptions.SQLError.createSQLException(SQLError.java:127) ~[mysql-connector-java-8.0.11.jar:8.0.11]
	at com.mysql.cj.jdbc.exceptions.SQLError.createSQLException(SQLError.java:95) ~[mysql-connector-java-8.0.11.jar:8.0.11]
	at com.mysql.cj.jdbc.exceptions.SQLExceptionsMapping.translateException(SQLExceptionsMapping.java:122) ~[mysql-connector-java-8.0.11.jar:8.0.11]
	at com.mysql.cj.jdbc.ConnectionImpl.createNewIO(ConnectionImpl.java:862) ~[mysql-connector-java-8.0.11.jar:8.0.11]
	at com.mysql.cj.jdbc.ConnectionImpl.<init>(ConnectionImpl.java:444) ~[mysql-connector-java-8.0.11.jar:8.0.11]
	at com.mysql.cj.jdbc.ConnectionImpl.getInstance(ConnectionImpl.java:230) ~[mysql-connector-java-8.0.11.jar:8.0.11]
	at com.mysql.cj.jdbc.NonRegisteringDriver.connect(NonRegisteringDriver.java:226) ~[mysql-connector-java-8.0.11.jar:8.0.11]
	at com.alibaba.druid.pool.DruidAbstractDataSource.createPhysicalConnection(DruidAbstractDataSource.java:1657) ~[druid-1.2.6.jar:1.2.6]
	at com.alibaba.druid.pool.DruidAbstractDataSource.createPhysicalConnection(DruidAbstractDataSource.java:1723) ~[druid-1.2.6.jar:1.2.6]
	at com.alibaba.druid.pool.DruidDataSource$CreateConnectionThread.run(DruidDataSource.java:2801) ~[druid-1.2.6.jar:1.2.6]

2023-06-12 17:54:29.862  INFO 7548 --- [Druid-ConnectionPool-Create-1585101559] c.a.druid.pool.DruidAbstractDataSource   : {dataSource-1} failContinuous is true
2023-06-12 17:54:30.372 ERROR 7548 --- [Druid-ConnectionPool-Create-1585101559] com.alibaba.druid.pool.DruidDataSource   : create connection SQLException, url: jdbc:mysql://127.0.0.1:3306/qqrobot?useUnicode=true&useSSL=false&characterEncoding=utf-8&serverTimezone=UTC, errorCode 1045, state 28000

java.sql.SQLException: Access denied for user 'qqrobot'@'localhost' (using password: YES)
	at com.mysql.cj.jdbc.exceptions.SQLError.createSQLException(SQLError.java:127) ~[mysql-connector-java-8.0.11.jar:8.0.11]
	at com.mysql.cj.jdbc.exceptions.SQLError.createSQLException(SQLError.java:95) ~[mysql-connector-java-8.0.11.jar:8.0.11]
	at com.mysql.cj.jdbc.exceptions.SQLExceptionsMapping.translateException(SQLExceptionsMapping.java:122) ~[mysql-connector-java-8.0.11.jar:8.0.11]
	at com.mysql.cj.jdbc.ConnectionImpl.createNewIO(ConnectionImpl.java:862) ~[mysql-connector-java-8.0.11.jar:8.0.11]
	at com.mysql.cj.jdbc.ConnectionImpl.<init>(ConnectionImpl.java:444) ~[mysql-connector-java-8.0.11.jar:8.0.11]
	at com.mysql.cj.jdbc.ConnectionImpl.getInstance(ConnectionImpl.java:230) ~[mysql-connector-java-8.0.11.jar:8.0.11]
	at com.mysql.cj.jdbc.NonRegisteringDriver.connect(NonRegisteringDriver.java:226) ~[mysql-connector-java-8.0.11.jar:8.0.11]
	at com.alibaba.druid.pool.DruidAbstractDataSource.createPhysicalConnection(DruidAbstractDataSource.java:1657) ~[druid-1.2.6.jar:1.2.6]
	at com.alibaba.druid.pool.DruidAbstractDataSource.createPhysicalConnection(DruidAbstractDataSource.java:1723) ~[druid-1.2.6.jar:1.2.6]
	at com.alibaba.druid.pool.DruidDataSource$CreateConnectionThread.run(DruidDataSource.java:2801) ~[druid-1.2.6.jar:1.2.6]

2023-06-12 17:54:30.882 ERROR 7548 --- [Druid-ConnectionPool-Create-1585101559] com.alibaba.druid.pool.DruidDataSource   : create connection SQLException, url: jdbc:mysql://127.0.0.1:3306/qqrobot?useUnicode=true&useSSL=false&characterEncoding=utf-8&serverTimezone=UTC, errorCode 1045, state 28000

java.sql.SQLException: Access denied for user 'qqrobot'@'localhost' (using password: YES)
	at com.mysql.cj.jdbc.exceptions.SQLError.createSQLException(SQLError.java:127) ~[mysql-connector-java-8.0.11.jar:8.0.11]
	at com.mysql.cj.jdbc.exceptions.SQLError.createSQLException(SQLError.java:95) ~[mysql-connector-java-8.0.11.jar:8.0.11]
	at com.mysql.cj.jdbc.exceptions.SQLExceptionsMapping.translateException(SQLExceptionsMapping.java:122) ~[mysql-connector-java-8.0.11.jar:8.0.11]
	at com.mysql.cj.jdbc.ConnectionImpl.createNewIO(ConnectionImpl.java:862) ~[mysql-connector-java-8.0.11.jar:8.0.11]
	at com.mysql.cj.jdbc.ConnectionImpl.<init>(ConnectionImpl.java:444) ~[mysql-connector-java-8.0.11.jar:8.0.11]
	at com.mysql.cj.jdbc.ConnectionImpl.getInstance(ConnectionImpl.java:230) ~[mysql-connector-java-8.0.11.jar:8.0.11]
	at com.mysql.cj.jdbc.NonRegisteringDriver.connect(NonRegisteringDriver.java:226) ~[mysql-connector-java-8.0.11.jar:8.0.11]
	at com.alibaba.druid.pool.DruidAbstractDataSource.createPhysicalConnection(DruidAbstractDataSource.java:1657) ~[druid-1.2.6.jar:1.2.6]
	at com.alibaba.druid.pool.DruidAbstractDataSource.createPhysicalConnection(DruidAbstractDataSource.java:1723) ~[druid-1.2.6.jar:1.2.6]
	at com.alibaba.druid.pool.DruidDataSource$CreateConnectionThread.run(DruidDataSource.java:2801) ~[druid-1.2.6.jar:1.2.6]

2023-06-12 17:54:31.387 ERROR 7548 --- [Druid-ConnectionPool-Create-1585101559] com.alibaba.druid.pool.DruidDataSource   : create connection SQLException, url: jdbc:mysql://127.0.0.1:3306/qqrobot?useUnicode=true&useSSL=false&characterEncoding=utf-8&serverTimezone=UTC, errorCode 1045, state 28000

java.sql.SQLException: Access denied for user 'qqrobot'@'localhost' (using password: YES)
	at com.mysql.cj.jdbc.exceptions.SQLError.createSQLException(SQLError.java:127) ~[mysql-connector-java-8.0.11.jar:8.0.11]
	at com.mysql.cj.jdbc.exceptions.SQLError.createSQLException(SQLError.java:95) ~[mysql-connector-java-8.0.11.jar:8.0.11]
	at com.mysql.cj.jdbc.exceptions.SQLExceptionsMapping.translateException(SQLExceptionsMapping.java:122) ~[mysql-connector-java-8.0.11.jar:8.0.11]
	at com.mysql.cj.jdbc.ConnectionImpl.createNewIO(ConnectionImpl.java:862) ~[mysql-connector-java-8.0.11.jar:8.0.11]
	at com.mysql.cj.jdbc.ConnectionImpl.<init>(ConnectionImpl.java:444) ~[mysql-connector-java-8.0.11.jar:8.0.11]
	at com.mysql.cj.jdbc.ConnectionImpl.getInstance(ConnectionImpl.java:230) ~[mysql-connector-java-8.0.11.jar:8.0.11]
	at com.mysql.cj.jdbc.NonRegisteringDriver.connect(NonRegisteringDriver.java:226) ~[mysql-connector-java-8.0.11.jar:8.0.11]
	at com.alibaba.druid.pool.DruidAbstractDataSource.createPhysicalConnection(DruidAbstractDataSource.java:1657) ~[druid-1.2.6.jar:1.2.6]
	at com.alibaba.druid.pool.DruidAbstractDataSource.createPhysicalConnection(DruidAbstractDataSource.java:1723) ~[druid-1.2.6.jar:1.2.6]
	at com.alibaba.druid.pool.DruidDataSource$CreateConnectionThread.run(DruidDataSource.java:2801) ~[druid-1.2.6.jar:1.2.6]

2023-06-12 17:54:31.893 ERROR 7548 --- [Druid-ConnectionPool-Create-1585101559] com.alibaba.druid.pool.DruidDataSource   : create connection SQLException, url: jdbc:mysql://127.0.0.1:3306/qqrobot?useUnicode=true&useSSL=false&characterEncoding=utf-8&serverTimezone=UTC, errorCode 1045, state 28000

java.sql.SQLException: Access denied for user 'qqrobot'@'localhost' (using password: YES)
	at com.mysql.cj.jdbc.exceptions.SQLError.createSQLException(SQLError.java:127) ~[mysql-connector-java-8.0.11.jar:8.0.11]
	at com.mysql.cj.jdbc.exceptions.SQLError.createSQLException(SQLError.java:95) ~[mysql-connector-java-8.0.11.jar:8.0.11]
	at com.mysql.cj.jdbc.exceptions.SQLExceptionsMapping.translateException(SQLExceptionsMapping.java:122) ~[mysql-connector-java-8.0.11.jar:8.0.11]
	at com.mysql.cj.jdbc.ConnectionImpl.createNewIO(ConnectionImpl.java:862) ~[mysql-connector-java-8.0.11.jar:8.0.11]
	at com.mysql.cj.jdbc.ConnectionImpl.<init>(ConnectionImpl.java:444) ~[mysql-connector-java-8.0.11.jar:8.0.11]
	at com.mysql.cj.jdbc.ConnectionImpl.getInstance(ConnectionImpl.java:230) ~[mysql-connector-java-8.0.11.jar:8.0.11]
	at com.mysql.cj.jdbc.NonRegisteringDriver.connect(NonRegisteringDriver.java:226) ~[mysql-connector-java-8.0.11.jar:8.0.11]
	at com.alibaba.druid.pool.DruidAbstractDataSource.createPhysicalConnection(DruidAbstractDataSource.java:1657) ~[druid-1.2.6.jar:1.2.6]
	at com.alibaba.druid.pool.DruidAbstractDataSource.createPhysicalConnection(DruidAbstractDataSource.java:1723) ~[druid-1.2.6.jar:1.2.6]
	at com.alibaba.druid.pool.DruidDataSource$CreateConnectionThread.run(DruidDataSource.java:2801) ~[druid-1.2.6.jar:1.2.6]

2023-06-12 17:54:32.398 ERROR 7548 --- [Druid-ConnectionPool-Create-1585101559] com.alibaba.druid.pool.DruidDataSource   : create connection SQLException, url: jdbc:mysql://127.0.0.1:3306/qqrobot?useUnicode=true&useSSL=false&characterEncoding=utf-8&serverTimezone=UTC, errorCode 1045, state 28000

java.sql.SQLException: Access denied for user 'qqrobot'@'localhost' (using password: YES)
	at com.mysql.cj.jdbc.exceptions.SQLError.createSQLException(SQLError.java:127) ~[mysql-connector-java-8.0.11.jar:8.0.11]
	at com.mysql.cj.jdbc.exceptions.SQLError.createSQLException(SQLError.java:95) ~[mysql-connector-java-8.0.11.jar:8.0.11]
	at com.mysql.cj.jdbc.exceptions.SQLExceptionsMapping.translateException(SQLExceptionsMapping.java:122) ~[mysql-connector-java-8.0.11.jar:8.0.11]
	at com.mysql.cj.jdbc.ConnectionImpl.createNewIO(ConnectionImpl.java:862) ~[mysql-connector-java-8.0.11.jar:8.0.11]
	at com.mysql.cj.jdbc.ConnectionImpl.<init>(ConnectionImpl.java:444) ~[mysql-connector-java-8.0.11.jar:8.0.11]
	at com.mysql.cj.jdbc.ConnectionImpl.getInstance(ConnectionImpl.java:230) ~[mysql-connector-java-8.0.11.jar:8.0.11]
	at com.mysql.cj.jdbc.NonRegisteringDriver.connect(NonRegisteringDriver.java:226) ~[mysql-connector-java-8.0.11.jar:8.0.11]
	at com.alibaba.druid.pool.DruidAbstractDataSource.createPhysicalConnection(DruidAbstractDataSource.java:1657) ~[druid-1.2.6.jar:1.2.6]
	at com.alibaba.druid.pool.DruidAbstractDataSource.createPhysicalConnection(DruidAbstractDataSource.java:1723) ~[druid-1.2.6.jar:1.2.6]
	at com.alibaba.druid.pool.DruidDataSource$CreateConnectionThread.run(DruidDataSource.java:2801) ~[druid-1.2.6.jar:1.2.6]

2023-06-12 17:54:32.922 ERROR 7548 --- [Druid-ConnectionPool-Create-1585101559] com.alibaba.druid.pool.DruidDataSource   : create connection SQLException, url: jdbc:mysql://127.0.0.1:3306/qqrobot?useUnicode=true&useSSL=false&characterEncoding=utf-8&serverTimezone=UTC, errorCode 1045, state 28000

java.sql.SQLException: Access denied for user 'qqrobot'@'localhost' (using password: YES)
	at com.mysql.cj.jdbc.exceptions.SQLError.createSQLException(SQLError.java:127) ~[mysql-connector-java-8.0.11.jar:8.0.11]
	at com.mysql.cj.jdbc.exceptions.SQLError.createSQLException(SQLError.java:95) ~[mysql-connector-java-8.0.11.jar:8.0.11]
	at com.mysql.cj.jdbc.exceptions.SQLExceptionsMapping.translateException(SQLExceptionsMapping.java:122) ~[mysql-connector-java-8.0.11.jar:8.0.11]
	at com.mysql.cj.jdbc.ConnectionImpl.createNewIO(ConnectionImpl.java:862) ~[mysql-connector-java-8.0.11.jar:8.0.11]
	at com.mysql.cj.jdbc.ConnectionImpl.<init>(ConnectionImpl.java:444) ~[mysql-connector-java-8.0.11.jar:8.0.11]
	at com.mysql.cj.jdbc.ConnectionImpl.getInstance(ConnectionImpl.java:230) ~[mysql-connector-java-8.0.11.jar:8.0.11]
	at com.mysql.cj.jdbc.NonRegisteringDriver.connect(NonRegisteringDriver.java:226) ~[mysql-connector-java-8.0.11.jar:8.0.11]
	at com.alibaba.druid.pool.DruidAbstractDataSource.createPhysicalConnection(DruidAbstractDataSource.java:1657) ~[druid-1.2.6.jar:1.2.6]
	at com.alibaba.druid.pool.DruidAbstractDataSource.createPhysicalConnection(DruidAbstractDataSource.java:1723) ~[druid-1.2.6.jar:1.2.6]
	at com.alibaba.druid.pool.DruidDataSource$CreateConnectionThread.run(DruidDataSource.java:2801) ~[druid-1.2.6.jar:1.2.6]

2023-06-12 17:54:33.432 ERROR 7548 --- [Druid-ConnectionPool-Create-1585101559] com.alibaba.druid.pool.DruidDataSource   : create connection SQLException, url: jdbc:mysql://127.0.0.1:3306/qqrobot?useUnicode=true&useSSL=false&characterEncoding=utf-8&serverTimezone=UTC, errorCode 1045, state 28000

java.sql.SQLException: Access denied for user 'qqrobot'@'localhost' (using password: YES)
	at com.mysql.cj.jdbc.exceptions.SQLError.createSQLException(SQLError.java:127) ~[mysql-connector-java-8.0.11.jar:8.0.11]
	at com.mysql.cj.jdbc.exceptions.SQLError.createSQLException(SQLError.java:95) ~[mysql-connector-java-8.0.11.jar:8.0.11]
	at com.mysql.cj.jdbc.exceptions.SQLExceptionsMapping.translateException(SQLExceptionsMapping.java:122) ~[mysql-connector-java-8.0.11.jar:8.0.11]
	at com.mysql.cj.jdbc.ConnectionImpl.createNewIO(ConnectionImpl.java:862) ~[mysql-connector-java-8.0.11.jar:8.0.11]
	at com.mysql.cj.jdbc.ConnectionImpl.<init>(ConnectionImpl.java:444) ~[mysql-connector-java-8.0.11.jar:8.0.11]
	at com.mysql.cj.jdbc.ConnectionImpl.getInstance(ConnectionImpl.java:230) ~[mysql-connector-java-8.0.11.jar:8.0.11]
	at com.mysql.cj.jdbc.NonRegisteringDriver.connect(NonRegisteringDriver.java:226) ~[mysql-connector-java-8.0.11.jar:8.0.11]
	at com.alibaba.druid.pool.DruidAbstractDataSource.createPhysicalConnection(DruidAbstractDataSource.java:1657) ~[druid-1.2.6.jar:1.2.6]
	at com.alibaba.druid.pool.DruidAbstractDataSource.createPhysicalConnection(DruidAbstractDataSource.java:1723) ~[druid-1.2.6.jar:1.2.6]
	at com.alibaba.druid.pool.DruidDataSource$CreateConnectionThread.run(DruidDataSource.java:2801) ~[druid-1.2.6.jar:1.2.6]

2023-06-12 17:54:33.938 ERROR 7548 --- [Druid-ConnectionPool-Create-1585101559] com.alibaba.druid.pool.DruidDataSource   : create connection SQLException, url: jdbc:mysql://127.0.0.1:3306/qqrobot?useUnicode=true&useSSL=false&characterEncoding=utf-8&serverTimezone=UTC, errorCode 1045, state 28000

java.sql.SQLException: Access denied for user 'qqrobot'@'localhost' (using password: YES)
	at com.mysql.cj.jdbc.exceptions.SQLError.createSQLException(SQLError.java:127) ~[mysql-connector-java-8.0.11.jar:8.0.11]
	at com.mysql.cj.jdbc.exceptions.SQLError.createSQLException(SQLError.java:95) ~[mysql-connector-java-8.0.11.jar:8.0.11]
	at com.mysql.cj.jdbc.exceptions.SQLExceptionsMapping.translateException(SQLExceptionsMapping.java:122) ~[mysql-connector-java-8.0.11.jar:8.0.11]
	at com.mysql.cj.jdbc.ConnectionImpl.createNewIO(ConnectionImpl.java:862) ~[mysql-connector-java-8.0.11.jar:8.0.11]
	at com.mysql.cj.jdbc.ConnectionImpl.<init>(ConnectionImpl.java:444) ~[mysql-connector-java-8.0.11.jar:8.0.11]
	at com.mysql.cj.jdbc.ConnectionImpl.getInstance(ConnectionImpl.java:230) ~[mysql-connector-java-8.0.11.jar:8.0.11]
	at com.mysql.cj.jdbc.NonRegisteringDriver.connect(NonRegisteringDriver.java:226) ~[mysql-connector-java-8.0.11.jar:8.0.11]
	at com.alibaba.druid.pool.DruidAbstractDataSource.createPhysicalConnection(DruidAbstractDataSource.java:1657) ~[druid-1.2.6.jar:1.2.6]
	at com.alibaba.druid.pool.DruidAbstractDataSource.createPhysicalConnection(DruidAbstractDataSource.java:1723) ~[druid-1.2.6.jar:1.2.6]
	at com.alibaba.druid.pool.DruidDataSource$CreateConnectionThread.run(DruidDataSource.java:2801) ~[druid-1.2.6.jar:1.2.6]

2023-06-12 17:54:34.449 ERROR 7548 --- [Druid-ConnectionPool-Create-1585101559] com.alibaba.druid.pool.DruidDataSource   : create connection SQLException, url: jdbc:mysql://127.0.0.1:3306/qqrobot?useUnicode=true&useSSL=false&characterEncoding=utf-8&serverTimezone=UTC, errorCode 1045, state 28000

java.sql.SQLException: Access denied for user 'qqrobot'@'localhost' (using password: YES)
	at com.mysql.cj.jdbc.exceptions.SQLError.createSQLException(SQLError.java:127) ~[mysql-connector-java-8.0.11.jar:8.0.11]
	at com.mysql.cj.jdbc.exceptions.SQLError.createSQLException(SQLError.java:95) ~[mysql-connector-java-8.0.11.jar:8.0.11]
	at com.mysql.cj.jdbc.exceptions.SQLExceptionsMapping.translateException(SQLExceptionsMapping.java:122) ~[mysql-connector-java-8.0.11.jar:8.0.11]
	at com.mysql.cj.jdbc.ConnectionImpl.createNewIO(ConnectionImpl.java:862) ~[mysql-connector-java-8.0.11.jar:8.0.11]
	at com.mysql.cj.jdbc.ConnectionImpl.<init>(ConnectionImpl.java:444) ~[mysql-connector-java-8.0.11.jar:8.0.11]
	at com.mysql.cj.jdbc.ConnectionImpl.getInstance(ConnectionImpl.java:230) ~[mysql-connector-java-8.0.11.jar:8.0.11]
	at com.mysql.cj.jdbc.NonRegisteringDriver.connect(NonRegisteringDriver.java:226) ~[mysql-connector-java-8.0.11.jar:8.0.11]
	at com.alibaba.druid.pool.DruidAbstractDataSource.createPhysicalConnection(DruidAbstractDataSource.java:1657) ~[druid-1.2.6.jar:1.2.6]
	at com.alibaba.druid.pool.DruidAbstractDataSource.createPhysicalConnection(DruidAbstractDataSource.java:1723) ~[druid-1.2.6.jar:1.2.6]
	at com.alibaba.druid.pool.DruidDataSource$CreateConnectionThread.run(DruidDataSource.java:2801) ~[druid-1.2.6.jar:1.2.6]

2023-06-12 17:54:34.953 ERROR 7548 --- [Druid-ConnectionPool-Create-1585101559] com.alibaba.druid.pool.DruidDataSource   : create connection SQLException, url: jdbc:mysql://127.0.0.1:3306/qqrobot?useUnicode=true&useSSL=false&characterEncoding=utf-8&serverTimezone=UTC, errorCode 1045, state 28000

java.sql.SQLException: Access denied for user 'qqrobot'@'localhost' (using password: YES)
	at com.mysql.cj.jdbc.exceptions.SQLError.createSQLException(SQLError.java:127) ~[mysql-connector-java-8.0.11.jar:8.0.11]
	at com.mysql.cj.jdbc.exceptions.SQLError.createSQLException(SQLError.java:95) ~[mysql-connector-java-8.0.11.jar:8.0.11]
	at com.mysql.cj.jdbc.exceptions.SQLExceptionsMapping.translateException(SQLExceptionsMapping.java:122) ~[mysql-connector-java-8.0.11.jar:8.0.11]
	at com.mysql.cj.jdbc.ConnectionImpl.createNewIO(ConnectionImpl.java:862) ~[mysql-connector-java-8.0.11.jar:8.0.11]
	at com.mysql.cj.jdbc.ConnectionImpl.<init>(ConnectionImpl.java:444) ~[mysql-connector-java-8.0.11.jar:8.0.11]
	at com.mysql.cj.jdbc.ConnectionImpl.getInstance(ConnectionImpl.java:230) ~[mysql-connector-java-8.0.11.jar:8.0.11]
	at com.mysql.cj.jdbc.NonRegisteringDriver.connect(NonRegisteringDriver.java:226) ~[mysql-connector-java-8.0.11.jar:8.0.11]
	at com.alibaba.druid.pool.DruidAbstractDataSource.createPhysicalConnection(DruidAbstractDataSource.java:1657) ~[druid-1.2.6.jar:1.2.6]
	at com.alibaba.druid.pool.DruidAbstractDataSource.createPhysicalConnection(DruidAbstractDataSource.java:1723) ~[druid-1.2.6.jar:1.2.6]
	at com.alibaba.druid.pool.DruidDataSource$CreateConnectionThread.run(DruidDataSource.java:2801) ~[druid-1.2.6.jar:1.2.6]

2023-06-12 17:54:35.481 ERROR 7548 --- [Druid-ConnectionPool-Create-1585101559] com.alibaba.druid.pool.DruidDataSource   : create connection SQLException, url: jdbc:mysql://127.0.0.1:3306/qqrobot?useUnicode=true&useSSL=false&characterEncoding=utf-8&serverTimezone=UTC, errorCode 1045, state 28000

java.sql.SQLException: Access denied for user 'qqrobot'@'localhost' (using password: YES)
	at com.mysql.cj.jdbc.exceptions.SQLError.createSQLException(SQLError.java:127) ~[mysql-connector-java-8.0.11.jar:8.0.11]
	at com.mysql.cj.jdbc.exceptions.SQLError.createSQLException(SQLError.java:95) ~[mysql-connector-java-8.0.11.jar:8.0.11]
	at com.mysql.cj.jdbc.exceptions.SQLExceptionsMapping.translateException(SQLExceptionsMapping.java:122) ~[mysql-connector-java-8.0.11.jar:8.0.11]
	at com.mysql.cj.jdbc.ConnectionImpl.createNewIO(ConnectionImpl.java:862) ~[mysql-connector-java-8.0.11.jar:8.0.11]
	at com.mysql.cj.jdbc.ConnectionImpl.<init>(ConnectionImpl.java:444) ~[mysql-connector-java-8.0.11.jar:8.0.11]
	at com.mysql.cj.jdbc.ConnectionImpl.getInstance(ConnectionImpl.java:230) ~[mysql-connector-java-8.0.11.jar:8.0.11]
	at com.mysql.cj.jdbc.NonRegisteringDriver.connect(NonRegisteringDriver.java:226) ~[mysql-connector-java-8.0.11.jar:8.0.11]
	at com.alibaba.druid.pool.DruidAbstractDataSource.createPhysicalConnection(DruidAbstractDataSource.java:1657) ~[druid-1.2.6.jar:1.2.6]
	at com.alibaba.druid.pool.DruidAbstractDataSource.createPhysicalConnection(DruidAbstractDataSource.java:1723) ~[druid-1.2.6.jar:1.2.6]
	at com.alibaba.druid.pool.DruidDataSource$CreateConnectionThread.run(DruidDataSource.java:2801) ~[druid-1.2.6.jar:1.2.6]

2023-06-12 17:54:35.991 ERROR 7548 --- [Druid-ConnectionPool-Create-1585101559] com.alibaba.druid.pool.DruidDataSource   : create connection SQLException, url: jdbc:mysql://127.0.0.1:3306/qqrobot?useUnicode=true&useSSL=false&characterEncoding=utf-8&serverTimezone=UTC, errorCode 1045, state 28000

java.sql.SQLException: Access denied for user 'qqrobot'@'localhost' (using password: YES)
	at com.mysql.cj.jdbc.exceptions.SQLError.createSQLException(SQLError.java:127) ~[mysql-connector-java-8.0.11.jar:8.0.11]
	at com.mysql.cj.jdbc.exceptions.SQLError.createSQLException(SQLError.java:95) ~[mysql-connector-java-8.0.11.jar:8.0.11]
	at com.mysql.cj.jdbc.exceptions.SQLExceptionsMapping.translateException(SQLExceptionsMapping.java:122) ~[mysql-connector-java-8.0.11.jar:8.0.11]
	at com.mysql.cj.jdbc.ConnectionImpl.createNewIO(ConnectionImpl.java:862) ~[mysql-connector-java-8.0.11.jar:8.0.11]
	at com.mysql.cj.jdbc.ConnectionImpl.<init>(ConnectionImpl.java:444) ~[mysql-connector-java-8.0.11.jar:8.0.11]
	at com.mysql.cj.jdbc.ConnectionImpl.getInstance(ConnectionImpl.java:230) ~[mysql-connector-java-8.0.11.jar:8.0.11]
	at com.mysql.cj.jdbc.NonRegisteringDriver.connect(NonRegisteringDriver.java:226) ~[mysql-connector-java-8.0.11.jar:8.0.11]
	at com.alibaba.druid.pool.DruidAbstractDataSource.createPhysicalConnection(DruidAbstractDataSource.java:1657) ~[druid-1.2.6.jar:1.2.6]
	at com.alibaba.druid.pool.DruidAbstractDataSource.createPhysicalConnection(DruidAbstractDataSource.java:1723) ~[druid-1.2.6.jar:1.2.6]
	at com.alibaba.druid.pool.DruidDataSource$CreateConnectionThread.run(DruidDataSource.java:2801) ~[druid-1.2.6.jar:1.2.6]

2023-06-12 17:54:36.501 ERROR 7548 --- [Druid-ConnectionPool-Create-1585101559] com.alibaba.druid.pool.DruidDataSource   : create connection SQLException, url: jdbc:mysql://127.0.0.1:3306/qqrobot?useUnicode=true&useSSL=false&characterEncoding=utf-8&serverTimezone=UTC, errorCode 1045, state 28000

java.sql.SQLException: Access denied for user 'qqrobot'@'localhost' (using password: YES)
	at com.mysql.cj.jdbc.exceptions.SQLError.createSQLException(SQLError.java:127) ~[mysql-connector-java-8.0.11.jar:8.0.11]
	at com.mysql.cj.jdbc.exceptions.SQLError.createSQLException(SQLError.java:95) ~[mysql-connector-java-8.0.11.jar:8.0.11]
	at com.mysql.cj.jdbc.exceptions.SQLExceptionsMapping.translateException(SQLExceptionsMapping.java:122) ~[mysql-connector-java-8.0.11.jar:8.0.11]
	at com.mysql.cj.jdbc.ConnectionImpl.createNewIO(ConnectionImpl.java:862) ~[mysql-connector-java-8.0.11.jar:8.0.11]
	at com.mysql.cj.jdbc.ConnectionImpl.<init>(ConnectionImpl.java:444) ~[mysql-connector-java-8.0.11.jar:8.0.11]
	at com.mysql.cj.jdbc.ConnectionImpl.getInstance(ConnectionImpl.java:230) ~[mysql-connector-java-8.0.11.jar:8.0.11]
	at com.mysql.cj.jdbc.NonRegisteringDriver.connect(NonRegisteringDriver.java:226) ~[mysql-connector-java-8.0.11.jar:8.0.11]
	at com.alibaba.druid.pool.DruidAbstractDataSource.createPhysicalConnection(DruidAbstractDataSource.java:1657) ~[druid-1.2.6.jar:1.2.6]
	at com.alibaba.druid.pool.DruidAbstractDataSource.createPhysicalConnection(DruidAbstractDataSource.java:1723) ~[druid-1.2.6.jar:1.2.6]
	at com.alibaba.druid.pool.DruidDataSource$CreateConnectionThread.run(DruidDataSource.java:2801) ~[druid-1.2.6.jar:1.2.6]

